{"timestamp": "2026-03-10T12:16:30.520625+00:00", "event": "RUN_INITIALIZED", "run_id": "74b6d12e1843", "initial_state": "IDLE"}
{"timestamp": "2026-03-10T12:16:31.613845+00:00", "event": "STATE_TRANSITION", "run_id": "74b6d12e1843", "from": "IDLE", "to": "PREFLIGHT_COMPLETE"}
{"timestamp": "2026-03-10T12:16:31.846230+00:00", "event": "STATE_TRANSITION", "run_id": "74b6d12e1843", "from": "PREFLIGHT_COMPLETE", "to": "PREFLIGHT_COMPLETE_SEMANTICALLY_VALID"}
{"timestamp": "2026-03-10T12:16:33.536103+00:00", "event": "STATE_TRANSITION", "run_id": "74b6d12e1843", "from": "PREFLIGHT_COMPLETE_SEMANTICALLY_VALID", "to": "STAGE_1_COMPLETE"}
{"timestamp": "2026-03-10T12:16:59.596540+00:00", "event": "STATE_TRANSITION", "run_id": "74b6d12e1843", "from": "STAGE_1_COMPLETE", "to": "STAGE_2_COMPLETE"}
{"timestamp": "2026-03-10T12:17:00.852485+00:00", "event": "STATE_TRANSITION", "run_id": "74b6d12e1843", "from": "STAGE_2_COMPLETE", "to": "FAILED"}
{"timestamp": "2026-03-10T12:17:29.693366+00:00", "event": "STATE_TRANSITION", "run_id": "74b6d12e1843", "from": "IDLE", "to": "PREFLIGHT_COMPLETE"}
{"timestamp": "2026-03-10T12:17:29.917355+00:00", "event": "STATE_TRANSITION", "run_id": "74b6d12e1843", "from": "PREFLIGHT_COMPLETE", "to": "PREFLIGHT_COMPLETE_SEMANTICALLY_VALID"}
{"timestamp": "2026-03-10T12:17:30.870000+00:00", "event": "STATE_TRANSITION", "run_id": "74b6d12e1843", "from": "PREFLIGHT_COMPLETE_SEMANTICALLY_VALID", "to": "STAGE_1_COMPLETE"}
{"timestamp": "2026-03-10T12:17:46.597819+00:00", "event": "STATE_TRANSITION", "run_id": "74b6d12e1843", "from": "STAGE_1_COMPLETE", "to": "STAGE_2_COMPLETE"}
{"timestamp": "2026-03-10T12:17:47.811754+00:00", "event": "STATE_TRANSITION", "run_id": "74b6d12e1843", "from": "STAGE_2_COMPLETE", "to": "FAILED"}
{"timestamp": "2026-03-10T12:18:38.022700+00:00", "event": "STATE_TRANSITION", "run_id": "74b6d12e1843", "from": "IDLE", "to": "PREFLIGHT_COMPLETE"}
{"timestamp": "2026-03-10T12:18:38.184080+00:00", "event": "STATE_TRANSITION", "run_id": "74b6d12e1843", "from": "PREFLIGHT_COMPLETE", "to": "PREFLIGHT_COMPLETE_SEMANTICALLY_VALID"}
{"timestamp": "2026-03-10T12:18:39.075241+00:00", "event": "STATE_TRANSITION", "run_id": "74b6d12e1843", "from": "PREFLIGHT_COMPLETE_SEMANTICALLY_VALID", "to": "STAGE_1_COMPLETE"}
{"timestamp": "2026-03-10T12:18:54.414924+00:00", "event": "STATE_TRANSITION", "run_id": "74b6d12e1843", "from": "STAGE_1_COMPLETE", "to": "STAGE_2_COMPLETE"}
{"timestamp": "2026-03-10T12:18:56.486646+00:00", "event": "STATE_TRANSITION", "run_id": "74b6d12e1843", "from": "STAGE_2_COMPLETE", "to": "STAGE_3_COMPLETE"}
{"timestamp": "2026-03-10T12:18:56.487672+00:00", "event": "SNAPSHOT_VERIFIED", "run_id": "74b6d12e1843", "strategy_hash": "d6956003d8cc5d9fee2349669e873d9a411347624341c19752eb9b995eb98d7b", "source_hash": "d6956003d8cc5d9fee2349669e873d9a411347624341c19752eb9b995eb98d7b"}
{"timestamp": "2026-03-10T12:18:56.496153+00:00", "event": "ARTIFACT_BOUND", "run_id": "74b6d12e1843", "manifest_path": "C:\\Users\\faraw\\Documents\\Trade_Scan\\runs\\74b6d12e1843\\STRATEGY_SNAPSHOT.manifest.json", "artifact_hashes": {"results_tradelevel.csv": "7f89ef2733df636dd1c0f0519f45d743f7968045dbd7cdf95d6be068ddcc09c7", "results_standard.csv": "03d2859f28903ca49991974405b399f83b434e2090f57d3983e0310430a213f5", "batch_summary.csv": "a9d7a211dac5ba1aa36863e6784624ece2c81d62c1aad5abfe6d6008eaed48b3"}}
{"timestamp": "2026-03-10T12:18:56.511361+00:00", "event": "STATE_TRANSITION", "run_id": "74b6d12e1843", "from": "STAGE_3_COMPLETE", "to": "STAGE_3A_COMPLETE"}
{"timestamp": "2026-03-10T12:18:56.527189+00:00", "event": "STATE_TRANSITION", "run_id": "74b6d12e1843", "from": "STAGE_3A_COMPLETE", "to": "COMPLETE"}
{"timestamp": "2026-03-10T12:18:56.527189+00:00", "event": "RUN_COMPLETE", "run_id": "74b6d12e1843", "status": "SUCCESS"}
