{"timestamp": "2026-03-10T12:16:30.576107+00:00", "event": "RUN_INITIALIZED", "run_id": "522efff9b8f8", "initial_state": "IDLE"}
{"timestamp": "2026-03-10T12:16:31.782911+00:00", "event": "STATE_TRANSITION", "run_id": "522efff9b8f8", "from": "IDLE", "to": "PREFLIGHT_COMPLETE"}
{"timestamp": "2026-03-10T12:16:31.946655+00:00", "event": "STATE_TRANSITION", "run_id": "522efff9b8f8", "from": "PREFLIGHT_COMPLETE", "to": "PREFLIGHT_COMPLETE_SEMANTICALLY_VALID"}
{"timestamp": "2026-03-10T12:16:48.377065+00:00", "event": "STATE_TRANSITION", "run_id": "522efff9b8f8", "from": "PREFLIGHT_COMPLETE_SEMANTICALLY_VALID", "to": "STAGE_1_COMPLETE"}
{"timestamp": "2026-03-10T12:16:59.700587+00:00", "event": "STATE_TRANSITION", "run_id": "522efff9b8f8", "from": "STAGE_1_COMPLETE", "to": "STAGE_2_COMPLETE"}
{"timestamp": "2026-03-10T12:17:00.953625+00:00", "event": "STATE_TRANSITION", "run_id": "522efff9b8f8", "from": "STAGE_2_COMPLETE", "to": "FAILED"}
{"timestamp": "2026-03-10T12:17:29.859402+00:00", "event": "STATE_TRANSITION", "run_id": "522efff9b8f8", "from": "IDLE", "to": "PREFLIGHT_COMPLETE"}
{"timestamp": "2026-03-10T12:17:30.020486+00:00", "event": "STATE_TRANSITION", "run_id": "522efff9b8f8", "from": "PREFLIGHT_COMPLETE", "to": "PREFLIGHT_COMPLETE_SEMANTICALLY_VALID"}
{"timestamp": "2026-03-10T12:17:36.853388+00:00", "event": "STATE_TRANSITION", "run_id": "522efff9b8f8", "from": "PREFLIGHT_COMPLETE_SEMANTICALLY_VALID", "to": "STAGE_1_COMPLETE"}
{"timestamp": "2026-03-10T12:17:46.795452+00:00", "event": "STATE_TRANSITION", "run_id": "522efff9b8f8", "from": "STAGE_1_COMPLETE", "to": "STAGE_2_COMPLETE"}
{"timestamp": "2026-03-10T12:17:47.889536+00:00", "event": "STATE_TRANSITION", "run_id": "522efff9b8f8", "from": "STAGE_2_COMPLETE", "to": "FAILED"}
{"timestamp": "2026-03-10T12:18:38.139779+00:00", "event": "STATE_TRANSITION", "run_id": "522efff9b8f8", "from": "IDLE", "to": "PREFLIGHT_COMPLETE"}
{"timestamp": "2026-03-10T12:18:38.256507+00:00", "event": "STATE_TRANSITION", "run_id": "522efff9b8f8", "from": "PREFLIGHT_COMPLETE", "to": "PREFLIGHT_COMPLETE_SEMANTICALLY_VALID"}
{"timestamp": "2026-03-10T12:18:44.899032+00:00", "event": "STATE_TRANSITION", "run_id": "522efff9b8f8", "from": "PREFLIGHT_COMPLETE_SEMANTICALLY_VALID", "to": "STAGE_1_COMPLETE"}
{"timestamp": "2026-03-10T12:18:54.489800+00:00", "event": "STATE_TRANSITION", "run_id": "522efff9b8f8", "from": "STAGE_1_COMPLETE", "to": "STAGE_2_COMPLETE"}
{"timestamp": "2026-03-10T12:18:56.854878+00:00", "event": "STATE_TRANSITION", "run_id": "522efff9b8f8", "from": "STAGE_2_COMPLETE", "to": "STAGE_3_COMPLETE"}
{"timestamp": "2026-03-10T12:18:56.854878+00:00", "event": "SNAPSHOT_VERIFIED", "run_id": "522efff9b8f8", "strategy_hash": "d6956003d8cc5d9fee2349669e873d9a411347624341c19752eb9b995eb98d7b", "source_hash": "d6956003d8cc5d9fee2349669e873d9a411347624341c19752eb9b995eb98d7b"}
{"timestamp": "2026-03-10T12:18:56.857907+00:00", "event": "ARTIFACT_BOUND", "run_id": "522efff9b8f8", "manifest_path": "C:\\Users\\faraw\\Documents\\Trade_Scan\\runs\\522efff9b8f8\\STRATEGY_SNAPSHOT.manifest.json", "artifact_hashes": {"results_tradelevel.csv": "2f12d179186630b37bfca55a0ba1091d40f6e4bfeeae71cc7154ef4c284e9c45", "results_standard.csv": "d16b6077b139ee41a193e1ff77d00b47bb2fca25f46dd0166e7e625ea3b3bce1", "batch_summary.csv": "a9d7a211dac5ba1aa36863e6784624ece2c81d62c1aad5abfe6d6008eaed48b3"}}
{"timestamp": "2026-03-10T12:18:56.872472+00:00", "event": "STATE_TRANSITION", "run_id": "522efff9b8f8", "from": "STAGE_3_COMPLETE", "to": "STAGE_3A_COMPLETE"}
{"timestamp": "2026-03-10T12:18:56.888449+00:00", "event": "STATE_TRANSITION", "run_id": "522efff9b8f8", "from": "STAGE_3A_COMPLETE", "to": "COMPLETE"}
{"timestamp": "2026-03-10T12:18:56.889074+00:00", "event": "RUN_COMPLETE", "run_id": "522efff9b8f8", "status": "SUCCESS"}
