{"timestamp": "2026-03-10T12:16:30.554755+00:00", "event": "RUN_INITIALIZED", "run_id": "3719d00cf6c0", "initial_state": "IDLE"}
{"timestamp": "2026-03-10T12:16:31.711222+00:00", "event": "STATE_TRANSITION", "run_id": "3719d00cf6c0", "from": "IDLE", "to": "PREFLIGHT_COMPLETE"}
{"timestamp": "2026-03-10T12:16:31.910032+00:00", "event": "STATE_TRANSITION", "run_id": "3719d00cf6c0", "from": "PREFLIGHT_COMPLETE", "to": "PREFLIGHT_COMPLETE_SEMANTICALLY_VALID"}
{"timestamp": "2026-03-10T12:16:46.049310+00:00", "event": "STATE_TRANSITION", "run_id": "3719d00cf6c0", "from": "PREFLIGHT_COMPLETE_SEMANTICALLY_VALID", "to": "STAGE_1_COMPLETE"}
{"timestamp": "2026-03-10T12:16:59.666529+00:00", "event": "STATE_TRANSITION", "run_id": "3719d00cf6c0", "from": "STAGE_1_COMPLETE", "to": "STAGE_2_COMPLETE"}
{"timestamp": "2026-03-10T12:17:00.912203+00:00", "event": "STATE_TRANSITION", "run_id": "3719d00cf6c0", "from": "STAGE_2_COMPLETE", "to": "FAILED"}
{"timestamp": "2026-03-10T12:17:29.794129+00:00", "event": "STATE_TRANSITION", "run_id": "3719d00cf6c0", "from": "IDLE", "to": "PREFLIGHT_COMPLETE"}
{"timestamp": "2026-03-10T12:17:29.981989+00:00", "event": "STATE_TRANSITION", "run_id": "3719d00cf6c0", "from": "PREFLIGHT_COMPLETE", "to": "PREFLIGHT_COMPLETE_SEMANTICALLY_VALID"}
{"timestamp": "2026-03-10T12:17:34.608557+00:00", "event": "STATE_TRANSITION", "run_id": "3719d00cf6c0", "from": "PREFLIGHT_COMPLETE_SEMANTICALLY_VALID", "to": "STAGE_1_COMPLETE"}
{"timestamp": "2026-03-10T12:17:46.728202+00:00", "event": "STATE_TRANSITION", "run_id": "3719d00cf6c0", "from": "STAGE_1_COMPLETE", "to": "STAGE_2_COMPLETE"}
{"timestamp": "2026-03-10T12:17:47.861322+00:00", "event": "STATE_TRANSITION", "run_id": "3719d00cf6c0", "from": "STAGE_2_COMPLETE", "to": "FAILED"}
{"timestamp": "2026-03-10T12:18:38.099081+00:00", "event": "STATE_TRANSITION", "run_id": "3719d00cf6c0", "from": "IDLE", "to": "PREFLIGHT_COMPLETE"}
{"timestamp": "2026-03-10T12:18:38.229617+00:00", "event": "STATE_TRANSITION", "run_id": "3719d00cf6c0", "from": "PREFLIGHT_COMPLETE", "to": "PREFLIGHT_COMPLETE_SEMANTICALLY_VALID"}
{"timestamp": "2026-03-10T12:18:42.717459+00:00", "event": "STATE_TRANSITION", "run_id": "3719d00cf6c0", "from": "PREFLIGHT_COMPLETE_SEMANTICALLY_VALID", "to": "STAGE_1_COMPLETE"}
{"timestamp": "2026-03-10T12:18:54.464511+00:00", "event": "STATE_TRANSITION", "run_id": "3719d00cf6c0", "from": "STAGE_1_COMPLETE", "to": "STAGE_2_COMPLETE"}
{"timestamp": "2026-03-10T12:18:56.708288+00:00", "event": "STATE_TRANSITION", "run_id": "3719d00cf6c0", "from": "STAGE_2_COMPLETE", "to": "STAGE_3_COMPLETE"}
{"timestamp": "2026-03-10T12:18:56.708288+00:00", "event": "SNAPSHOT_VERIFIED", "run_id": "3719d00cf6c0", "strategy_hash": "d6956003d8cc5d9fee2349669e873d9a411347624341c19752eb9b995eb98d7b", "source_hash": "d6956003d8cc5d9fee2349669e873d9a411347624341c19752eb9b995eb98d7b"}
{"timestamp": "2026-03-10T12:18:56.711468+00:00", "event": "ARTIFACT_BOUND", "run_id": "3719d00cf6c0", "manifest_path": "C:\\Users\\faraw\\Documents\\Trade_Scan\\runs\\3719d00cf6c0\\STRATEGY_SNAPSHOT.manifest.json", "artifact_hashes": {"results_tradelevel.csv": "eca9e21e40eac0d24facb5c924918d2499e4b060077fccecadb2c0f92f39d771", "results_standard.csv": "fceb00dd55b3d55899646fbf0b925e868fcba00e5cc486bacc5020958a28d231", "batch_summary.csv": "a9d7a211dac5ba1aa36863e6784624ece2c81d62c1aad5abfe6d6008eaed48b3"}}
{"timestamp": "2026-03-10T12:18:56.729975+00:00", "event": "STATE_TRANSITION", "run_id": "3719d00cf6c0", "from": "STAGE_3_COMPLETE", "to": "STAGE_3A_COMPLETE"}
{"timestamp": "2026-03-10T12:18:56.744572+00:00", "event": "STATE_TRANSITION", "run_id": "3719d00cf6c0", "from": "STAGE_3A_COMPLETE", "to": "COMPLETE"}
{"timestamp": "2026-03-10T12:18:56.744572+00:00", "event": "RUN_COMPLETE", "run_id": "3719d00cf6c0", "status": "SUCCESS"}
