{"timestamp": "2026-03-10T13:50:14.266783+00:00", "event": "RUN_INITIALIZED", "run_id": "8c1b5c04113d", "initial_state": "IDLE"}
{"timestamp": "2026-03-10T13:50:15.122195+00:00", "event": "STATE_TRANSITION", "run_id": "8c1b5c04113d", "from": "IDLE", "to": "PREFLIGHT_COMPLETE"}
{"timestamp": "2026-03-10T13:50:15.156138+00:00", "event": "STATE_TRANSITION", "run_id": "8c1b5c04113d", "from": "PREFLIGHT_COMPLETE", "to": "PREFLIGHT_COMPLETE_SEMANTICALLY_VALID"}
{"timestamp": "2026-03-10T13:50:19.134809+00:00", "event": "STATE_TRANSITION", "run_id": "8c1b5c04113d", "from": "PREFLIGHT_COMPLETE_SEMANTICALLY_VALID", "to": "STAGE_1_COMPLETE"}
{"timestamp": "2026-03-10T13:50:22.639734+00:00", "event": "STATE_TRANSITION", "run_id": "8c1b5c04113d", "from": "STAGE_1_COMPLETE", "to": "STAGE_2_COMPLETE"}
{"timestamp": "2026-03-10T13:50:26.199839+00:00", "event": "STATE_TRANSITION", "run_id": "8c1b5c04113d", "from": "STAGE_2_COMPLETE", "to": "STAGE_3_COMPLETE"}
{"timestamp": "2026-03-10T13:50:26.199839+00:00", "event": "SNAPSHOT_VERIFIED", "run_id": "8c1b5c04113d", "strategy_hash": "a463cc91efd1998f69708e52f4167c587183855b5cf8d1de8483af564dad9291", "source_hash": "a463cc91efd1998f69708e52f4167c587183855b5cf8d1de8483af564dad9291"}
{"timestamp": "2026-03-10T13:50:26.204611+00:00", "event": "ARTIFACT_BOUND", "run_id": "8c1b5c04113d", "manifest_path": "C:\\Users\\faraw\\Documents\\Trade_Scan\\runs\\8c1b5c04113d\\STRATEGY_SNAPSHOT.manifest.json", "artifact_hashes": {"results_tradelevel.csv": "b54090f0e186a395ca7050456b00adbf2c053fad2cc2a8ea369ac7ac3323776c", "results_standard.csv": "e5192a51d9fbf4e8d503143b4a897ff42f893b7abfdf52b217540ac45beff475", "batch_summary.csv": "6bfa62b952157fa023e22cf54f65109293214f037c1fb889385a5c541b4000bc"}}
{"timestamp": "2026-03-10T13:50:26.216858+00:00", "event": "STATE_TRANSITION", "run_id": "8c1b5c04113d", "from": "STAGE_3_COMPLETE", "to": "STAGE_3A_COMPLETE"}
{"timestamp": "2026-03-10T13:50:26.228763+00:00", "event": "STATE_TRANSITION", "run_id": "8c1b5c04113d", "from": "STAGE_3A_COMPLETE", "to": "COMPLETE"}
{"timestamp": "2026-03-10T13:50:26.228763+00:00", "event": "RUN_COMPLETE", "run_id": "8c1b5c04113d", "status": "SUCCESS"}
{"timestamp": "2026-03-10T13:53:02.076111+00:00", "event": "STATE_TRANSITION", "run_id": "8c1b5c04113d", "from": "IDLE", "to": "PREFLIGHT_COMPLETE"}
{"timestamp": "2026-03-10T13:53:02.105553+00:00", "event": "STATE_TRANSITION", "run_id": "8c1b5c04113d", "from": "PREFLIGHT_COMPLETE", "to": "PREFLIGHT_COMPLETE_SEMANTICALLY_VALID"}
{"timestamp": "2026-03-10T13:53:03.711182+00:00", "event": "STATE_TRANSITION", "run_id": "8c1b5c04113d", "from": "PREFLIGHT_COMPLETE_SEMANTICALLY_VALID", "to": "STAGE_1_COMPLETE"}
{"timestamp": "2026-03-10T13:53:04.848868+00:00", "event": "STATE_TRANSITION", "run_id": "8c1b5c04113d", "from": "STAGE_1_COMPLETE", "to": "STAGE_2_COMPLETE"}
{"timestamp": "2026-03-10T13:53:06.449700+00:00", "event": "STATE_TRANSITION", "run_id": "8c1b5c04113d", "from": "STAGE_2_COMPLETE", "to": "STAGE_3_COMPLETE"}
{"timestamp": "2026-03-10T13:53:06.453268+00:00", "event": "SNAPSHOT_VERIFIED", "run_id": "8c1b5c04113d", "strategy_hash": "a463cc91efd1998f69708e52f4167c587183855b5cf8d1de8483af564dad9291", "source_hash": "a463cc91efd1998f69708e52f4167c587183855b5cf8d1de8483af564dad9291"}
{"timestamp": "2026-03-10T13:53:06.454988+00:00", "event": "ARTIFACT_BOUND", "run_id": "8c1b5c04113d", "manifest_path": "C:\\Users\\faraw\\Documents\\Trade_Scan\\runs\\8c1b5c04113d\\STRATEGY_SNAPSHOT.manifest.json", "artifact_hashes": {"results_tradelevel.csv": "b54090f0e186a395ca7050456b00adbf2c053fad2cc2a8ea369ac7ac3323776c", "results_standard.csv": "e5192a51d9fbf4e8d503143b4a897ff42f893b7abfdf52b217540ac45beff475", "batch_summary.csv": "6bfa62b952157fa023e22cf54f65109293214f037c1fb889385a5c541b4000bc"}}
{"timestamp": "2026-03-10T13:53:06.467300+00:00", "event": "STATE_TRANSITION", "run_id": "8c1b5c04113d", "from": "STAGE_3_COMPLETE", "to": "STAGE_3A_COMPLETE"}
{"timestamp": "2026-03-10T13:53:06.482480+00:00", "event": "STATE_TRANSITION", "run_id": "8c1b5c04113d", "from": "STAGE_3A_COMPLETE", "to": "COMPLETE"}
{"timestamp": "2026-03-10T13:53:06.482480+00:00", "event": "RUN_COMPLETE", "run_id": "8c1b5c04113d", "status": "SUCCESS"}
