{"timestamp": "2026-03-10T12:16:30.541804+00:00", "event": "RUN_INITIALIZED", "run_id": "9ee1203ece47", "initial_state": "IDLE"}
{"timestamp": "2026-03-10T12:16:31.669995+00:00", "event": "STATE_TRANSITION", "run_id": "9ee1203ece47", "from": "IDLE", "to": "PREFLIGHT_COMPLETE"}
{"timestamp": "2026-03-10T12:16:31.884288+00:00", "event": "STATE_TRANSITION", "run_id": "9ee1203ece47", "from": "PREFLIGHT_COMPLETE", "to": "PREFLIGHT_COMPLETE_SEMANTICALLY_VALID"}
{"timestamp": "2026-03-10T12:16:42.102338+00:00", "event": "STATE_TRANSITION", "run_id": "9ee1203ece47", "from": "PREFLIGHT_COMPLETE_SEMANTICALLY_VALID", "to": "STAGE_1_COMPLETE"}
{"timestamp": "2026-03-10T12:16:59.639125+00:00", "event": "STATE_TRANSITION", "run_id": "9ee1203ece47", "from": "STAGE_1_COMPLETE", "to": "STAGE_2_COMPLETE"}
{"timestamp": "2026-03-10T12:17:00.886671+00:00", "event": "STATE_TRANSITION", "run_id": "9ee1203ece47", "from": "STAGE_2_COMPLETE", "to": "FAILED"}
{"timestamp": "2026-03-10T12:17:29.752592+00:00", "event": "STATE_TRANSITION", "run_id": "9ee1203ece47", "from": "IDLE", "to": "PREFLIGHT_COMPLETE"}
{"timestamp": "2026-03-10T12:17:29.956299+00:00", "event": "STATE_TRANSITION", "run_id": "9ee1203ece47", "from": "PREFLIGHT_COMPLETE", "to": "PREFLIGHT_COMPLETE_SEMANTICALLY_VALID"}
{"timestamp": "2026-03-10T12:17:33.103183+00:00", "event": "STATE_TRANSITION", "run_id": "9ee1203ece47", "from": "PREFLIGHT_COMPLETE_SEMANTICALLY_VALID", "to": "STAGE_1_COMPLETE"}
{"timestamp": "2026-03-10T12:17:46.673178+00:00", "event": "STATE_TRANSITION", "run_id": "9ee1203ece47", "from": "STAGE_1_COMPLETE", "to": "STAGE_2_COMPLETE"}
{"timestamp": "2026-03-10T12:17:47.844185+00:00", "event": "STATE_TRANSITION", "run_id": "9ee1203ece47", "from": "STAGE_2_COMPLETE", "to": "FAILED"}
{"timestamp": "2026-03-10T12:18:38.069243+00:00", "event": "STATE_TRANSITION", "run_id": "9ee1203ece47", "from": "IDLE", "to": "PREFLIGHT_COMPLETE"}
{"timestamp": "2026-03-10T12:18:38.211979+00:00", "event": "STATE_TRANSITION", "run_id": "9ee1203ece47", "from": "PREFLIGHT_COMPLETE", "to": "PREFLIGHT_COMPLETE_SEMANTICALLY_VALID"}
{"timestamp": "2026-03-10T12:18:41.281792+00:00", "event": "STATE_TRANSITION", "run_id": "9ee1203ece47", "from": "PREFLIGHT_COMPLETE_SEMANTICALLY_VALID", "to": "STAGE_1_COMPLETE"}
{"timestamp": "2026-03-10T12:18:54.446398+00:00", "event": "STATE_TRANSITION", "run_id": "9ee1203ece47", "from": "STAGE_1_COMPLETE", "to": "STAGE_2_COMPLETE"}
{"timestamp": "2026-03-10T12:18:56.627323+00:00", "event": "STATE_TRANSITION", "run_id": "9ee1203ece47", "from": "STAGE_2_COMPLETE", "to": "STAGE_3_COMPLETE"}
{"timestamp": "2026-03-10T12:18:56.627323+00:00", "event": "SNAPSHOT_VERIFIED", "run_id": "9ee1203ece47", "strategy_hash": "d6956003d8cc5d9fee2349669e873d9a411347624341c19752eb9b995eb98d7b", "source_hash": "d6956003d8cc5d9fee2349669e873d9a411347624341c19752eb9b995eb98d7b"}
{"timestamp": "2026-03-10T12:18:56.628330+00:00", "event": "ARTIFACT_BOUND", "run_id": "9ee1203ece47", "manifest_path": "C:\\Users\\faraw\\Documents\\Trade_Scan\\runs\\9ee1203ece47\\STRATEGY_SNAPSHOT.manifest.json", "artifact_hashes": {"results_tradelevel.csv": "48a4c9524e54b8f87ae2030d738afbffeded1af68d588e1fe9f8d0072a1648de", "results_standard.csv": "583dc235d1fbd9db0562d5fa567c769a43b27e27ab13ec32c7bd2f4802f5e89a", "batch_summary.csv": "a9d7a211dac5ba1aa36863e6784624ece2c81d62c1aad5abfe6d6008eaed48b3"}}
{"timestamp": "2026-03-10T12:18:56.639729+00:00", "event": "STATE_TRANSITION", "run_id": "9ee1203ece47", "from": "STAGE_3_COMPLETE", "to": "STAGE_3A_COMPLETE"}
{"timestamp": "2026-03-10T12:18:56.653223+00:00", "event": "STATE_TRANSITION", "run_id": "9ee1203ece47", "from": "STAGE_3A_COMPLETE", "to": "COMPLETE"}
{"timestamp": "2026-03-10T12:18:56.653223+00:00", "event": "RUN_COMPLETE", "run_id": "9ee1203ece47", "status": "SUCCESS"}
