[CONFIG] source_dir=C:\Users\faraw\Documents\Trade_Scan\backtest_directives\active
[CONFIG] backup_dir=C:\Users\faraw\Documents\Trade_Scan\backtest_directives\active_backup
[CONFIG] rename_strategies=True
[SCAN] TEST_PROVISION_DF6A98B5.txt
[CLASS] FAMILY=TREND MODEL=RSIAVG FILTER=NONE SYMBOL=EURUSD TF=1D
[IDEA] idea_id=03
[SWEEP] reserved S01
[NAME] 03_TREND_EURUSD_1D_RSIAVG_S01_V1_P00
[PASS] namespace_gate
[WRITE] file renamed TEST_PROVISION_DF6A98B5.txt -> 03_TREND_EURUSD_1D_RSIAVG_S01_V1_P00.txt

=== CONVERSION SUMMARY ===
files scanned: 1
files converted: 1
files skipped: 0
namespace errors: 0
sweep collisions: 0
Running Preflight on: 03_TREND_EURUSD_1D_RSIAVG_S01_V1_P00.txt
[PREFLIGHT] Root-of-trust binding: VERIFIED
[PREFLIGHT] Engine integrity subprocess check skipped (test flag enabled).
[PREFLIGHT] Directive parsed via YAML authority.
[PREFLIGHT] Provisioner safeguard: backed up strategy.py -> strategy.py.bak
[PREFLIGHT] Provisioning Strategy Artifacts for C:\Users\faraw\Documents\Trade_Scan\backtest_directives\active\03_TREND_EURUSD_1D_RSIAVG_S01_V1_P00.txt...
[PROVISION] Updated strategy signature: C:\Users\faraw\Documents\Trade_Scan\strategies\03_TREND_EURUSD_1D_RSIAVG_S01_V1_P00\strategy.py
[PREFLIGHT] running Semantic Validation (Stage-0.5) on C:\Users\faraw\Documents\Trade_Scan\backtest_directives\active\03_TREND_EURUSD_1D_RSIAVG_S01_V1_P00.txt...
[SEMANTIC] Validating Directive: 03_TREND_EURUSD_1D_RSIAVG_S01_V1_P00.txt
[SEMANTIC] Target Strategy: 03_TREND_EURUSD_1D_RSIAVG_S01_V1_P00 -> C:\Users\faraw\Documents\Trade_Scan\strategies\03_TREND_EURUSD_1D_RSIAVG_S01_V1_P00\strategy.py
[SEMANTIC] Identity Verified: 03_TREND_EURUSD_1D_RSIAVG_S01_V1_P00
[SEMANTIC] Timeframe Verified: 1d
[SEMANTIC] Signature Verified: MATCH
[SEMANTIC] Indicator Set Match: 1 modules
[SEMANTIC] Behavioral Guard: PASSED (FilterStack Enforced)
[SEMANTIC] Admission Gate: PASSED (Strategy is implemented)
[PREFLIGHT] Stage-0.75: Dry-run validation for 03_TREND_EURUSD_1D_RSIAVG_S01_V1_P00...
[PREFLIGHT] Stage-0.75: Strategy class loaded successfully.
------------------------------------------------------------
DECISION: ALLOW_EXECUTION
------------------------------------------------------------
Explanation: Preflight passed. Engine=Universal_Research_Engine:1.5.3, Broker=OctaFx, Symbols=1, CanonicalHash=9b935d61, Timeframe=1d

========================================
[Auto Namespace Migration] Executing: C:\Users\faraw\AppData\Local\Programs\Python\Python311\python.exe tools/convert_promoted_directives.py --source-dir C:\Users\faraw\Documents\Trade_Scan\backtest_directives\active --rename-strategies
========================================
[Auto Namespace Migration] COMPLETED (Time: 0.30s)
[AUTO-MIGRATE] Directive renamed: TEST_PROVISION_DF6A98B5 -> 03_TREND_EURUSD_1D_RSIAVG_S01_V1_P00
MASTER PIPELINE EXECUTION -- 03_TREND_EURUSD_1D_RSIAVG_S01_V1_P00
[CONFIG] Directive: 03_TREND_EURUSD_1D_RSIAVG_S01_V1_P00.txt
[ORCHESTRATOR] Found 1 symbols: ['EURUSD']
[STAGE -0.25] Directive is in canonical form. [OK]
[STAGE -0.30] Namespace Gate PASSED: 03_TREND_EURUSD_1D_RSIAVG_S01_V1_P00 (ID=03, FAMILY=TREND, MODEL=RSIAVG, FILTER=NONE)
[STAGE -0.35] Sweep Gate PASSED: status=idempotent idea=03 sweep=S01
[ORCHESTRATOR] Directive State: INITIALIZED
[ORCHESTRATOR] Initializing symbol states...
[ORCHESTRATOR] Managing Run ID: e34cef7c56ae (EURUSD)
[ORCHESTRATOR] Starting Preflight Checks...

========================================
[Preflight] Executing: C:\Users\faraw\AppData\Local\Programs\Python\Python311\python.exe tools/exec_preflight.py 03_TREND_EURUSD_1D_RSIAVG_S01_V1_P00
========================================
[Preflight] COMPLETED (Time: 0.55s)
[STATE] Transition e34cef7c56ae: IDLE -> PREFLIGHT_COMPLETE
[DIRECTIVE] Transition 03_TREND_EURUSD_1D_RSIAVG_S01_V1_P00: INITIALIZED -> PREFLIGHT_COMPLETE
[ORCHESTRATOR] Starting Stage-0.5: Semantic Validation...
[SEMANTIC] Validating Directive: 03_TREND_EURUSD_1D_RSIAVG_S01_V1_P00.txt
[SEMANTIC] Target Strategy: 03_TREND_EURUSD_1D_RSIAVG_S01_V1_P00 -> C:\Users\faraw\Documents\Trade_Scan\strategies\03_TREND_EURUSD_1D_RSIAVG_S01_V1_P00\strategy.py
[SEMANTIC] Identity Verified: 03_TREND_EURUSD_1D_RSIAVG_S01_V1_P00
[SEMANTIC] Timeframe Verified: 1d
[SEMANTIC] Signature Verified: MATCH
[SEMANTIC] Indicator Set Match: 1 modules
[SEMANTIC] Behavioral Guard: PASSED (FilterStack Enforced)
[SEMANTIC] Admission Gate: PASSED (Strategy is implemented)
[STATE] Transition e34cef7c56ae: PREFLIGHT_COMPLETE -> PREFLIGHT_COMPLETE_SEMANTICALLY_VALID
[DIRECTIVE] Transition 03_TREND_EURUSD_1D_RSIAVG_S01_V1_P00: PREFLIGHT_COMPLETE -> PREFLIGHT_COMPLETE_SEMANTICALLY_VALID
[ORCHESTRATOR] Semantic Validation PASSED.
[ORCHESTRATOR] Stage-0.55 Semantic Coverage Check PASSED.
[PROVISION-ONLY] Strategy provisioned at: C:\Users\faraw\Documents\Trade_Scan\strategies\03_TREND_EURUSD_1D_RSIAVG_S01_V1_P00\strategy.py
[PROVISION-ONLY] Human review required before execution.
[PROVISION-ONLY] Re-run without --provision-only after review.

[SUCCESS] Pipeline Completed Successfully.

