{"timestamp": "2026-03-10T12:16:30.527624+00:00", "event": "RUN_INITIALIZED", "run_id": "3dc146da1b89", "initial_state": "IDLE"}
{"timestamp": "2026-03-10T12:16:31.631307+00:00", "event": "STATE_TRANSITION", "run_id": "3dc146da1b89", "from": "IDLE", "to": "PREFLIGHT_COMPLETE"}
{"timestamp": "2026-03-10T12:16:31.861359+00:00", "event": "STATE_TRANSITION", "run_id": "3dc146da1b89", "from": "PREFLIGHT_COMPLETE", "to": "PREFLIGHT_COMPLETE_SEMANTICALLY_VALID"}
{"timestamp": "2026-03-10T12:16:36.226165+00:00", "event": "STATE_TRANSITION", "run_id": "3dc146da1b89", "from": "PREFLIGHT_COMPLETE_SEMANTICALLY_VALID", "to": "STAGE_1_COMPLETE"}
{"timestamp": "2026-03-10T12:16:59.612254+00:00", "event": "STATE_TRANSITION", "run_id": "3dc146da1b89", "from": "STAGE_1_COMPLETE", "to": "STAGE_2_COMPLETE"}
{"timestamp": "2026-03-10T12:17:00.863618+00:00", "event": "STATE_TRANSITION", "run_id": "3dc146da1b89", "from": "STAGE_2_COMPLETE", "to": "FAILED"}
{"timestamp": "2026-03-10T12:17:29.715357+00:00", "event": "STATE_TRANSITION", "run_id": "3dc146da1b89", "from": "IDLE", "to": "PREFLIGHT_COMPLETE"}
{"timestamp": "2026-03-10T12:17:29.928815+00:00", "event": "STATE_TRANSITION", "run_id": "3dc146da1b89", "from": "PREFLIGHT_COMPLETE", "to": "PREFLIGHT_COMPLETE_SEMANTICALLY_VALID"}
{"timestamp": "2026-03-10T12:17:31.606460+00:00", "event": "STATE_TRANSITION", "run_id": "3dc146da1b89", "from": "PREFLIGHT_COMPLETE_SEMANTICALLY_VALID", "to": "STAGE_1_COMPLETE"}
{"timestamp": "2026-03-10T12:17:46.624405+00:00", "event": "STATE_TRANSITION", "run_id": "3dc146da1b89", "from": "STAGE_1_COMPLETE", "to": "STAGE_2_COMPLETE"}
{"timestamp": "2026-03-10T12:17:47.821253+00:00", "event": "STATE_TRANSITION", "run_id": "3dc146da1b89", "from": "STAGE_2_COMPLETE", "to": "FAILED"}
{"timestamp": "2026-03-10T12:18:38.038686+00:00", "event": "STATE_TRANSITION", "run_id": "3dc146da1b89", "from": "IDLE", "to": "PREFLIGHT_COMPLETE"}
{"timestamp": "2026-03-10T12:18:38.194061+00:00", "event": "STATE_TRANSITION", "run_id": "3dc146da1b89", "from": "PREFLIGHT_COMPLETE", "to": "PREFLIGHT_COMPLETE_SEMANTICALLY_VALID"}
{"timestamp": "2026-03-10T12:18:39.796332+00:00", "event": "STATE_TRANSITION", "run_id": "3dc146da1b89", "from": "PREFLIGHT_COMPLETE_SEMANTICALLY_VALID", "to": "STAGE_1_COMPLETE"}
{"timestamp": "2026-03-10T12:18:54.425214+00:00", "event": "STATE_TRANSITION", "run_id": "3dc146da1b89", "from": "STAGE_1_COMPLETE", "to": "STAGE_2_COMPLETE"}
{"timestamp": "2026-03-10T12:18:56.541572+00:00", "event": "STATE_TRANSITION", "run_id": "3dc146da1b89", "from": "STAGE_2_COMPLETE", "to": "STAGE_3_COMPLETE"}
{"timestamp": "2026-03-10T12:18:56.542309+00:00", "event": "SNAPSHOT_VERIFIED", "run_id": "3dc146da1b89", "strategy_hash": "d6956003d8cc5d9fee2349669e873d9a411347624341c19752eb9b995eb98d7b", "source_hash": "d6956003d8cc5d9fee2349669e873d9a411347624341c19752eb9b995eb98d7b"}
{"timestamp": "2026-03-10T12:18:56.542824+00:00", "event": "ARTIFACT_BOUND", "run_id": "3dc146da1b89", "manifest_path": "C:\\Users\\faraw\\Documents\\Trade_Scan\\runs\\3dc146da1b89\\STRATEGY_SNAPSHOT.manifest.json", "artifact_hashes": {"results_tradelevel.csv": "3633b31ad32cf6931c3a8325d0302508a5d40e5aaa99498e76d20dae58a6153e", "results_standard.csv": "2d274a2d58d776853e9ccfcb6d3334550282412867a6e7b7c0279d6bd455a6de", "batch_summary.csv": "a9d7a211dac5ba1aa36863e6784624ece2c81d62c1aad5abfe6d6008eaed48b3"}}
{"timestamp": "2026-03-10T12:18:56.557066+00:00", "event": "STATE_TRANSITION", "run_id": "3dc146da1b89", "from": "STAGE_3_COMPLETE", "to": "STAGE_3A_COMPLETE"}
{"timestamp": "2026-03-10T12:18:56.570679+00:00", "event": "STATE_TRANSITION", "run_id": "3dc146da1b89", "from": "STAGE_3A_COMPLETE", "to": "COMPLETE"}
{"timestamp": "2026-03-10T12:18:56.570679+00:00", "event": "RUN_COMPLETE", "run_id": "3dc146da1b89", "status": "SUCCESS"}
