{"timestamp": "2026-03-10T12:16:30.583726+00:00", "event": "RUN_INITIALIZED", "run_id": "3468c7b4dea6", "initial_state": "IDLE"}
{"timestamp": "2026-03-10T12:16:31.806726+00:00", "event": "STATE_TRANSITION", "run_id": "3468c7b4dea6", "from": "IDLE", "to": "PREFLIGHT_COMPLETE"}
{"timestamp": "2026-03-10T12:16:31.959027+00:00", "event": "STATE_TRANSITION", "run_id": "3468c7b4dea6", "from": "PREFLIGHT_COMPLETE", "to": "PREFLIGHT_COMPLETE_SEMANTICALLY_VALID"}
{"timestamp": "2026-03-10T12:16:49.148558+00:00", "event": "STATE_TRANSITION", "run_id": "3468c7b4dea6", "from": "PREFLIGHT_COMPLETE_SEMANTICALLY_VALID", "to": "STAGE_1_COMPLETE"}
{"timestamp": "2026-03-10T12:16:59.711368+00:00", "event": "STATE_TRANSITION", "run_id": "3468c7b4dea6", "from": "STAGE_1_COMPLETE", "to": "STAGE_2_COMPLETE"}
{"timestamp": "2026-03-10T12:17:00.966610+00:00", "event": "STATE_TRANSITION", "run_id": "3468c7b4dea6", "from": "STAGE_2_COMPLETE", "to": "FAILED"}
{"timestamp": "2026-03-10T12:17:29.884045+00:00", "event": "STATE_TRANSITION", "run_id": "3468c7b4dea6", "from": "IDLE", "to": "PREFLIGHT_COMPLETE"}
{"timestamp": "2026-03-10T12:17:30.033763+00:00", "event": "STATE_TRANSITION", "run_id": "3468c7b4dea6", "from": "PREFLIGHT_COMPLETE", "to": "PREFLIGHT_COMPLETE_SEMANTICALLY_VALID"}
{"timestamp": "2026-03-10T12:17:37.599754+00:00", "event": "STATE_TRANSITION", "run_id": "3468c7b4dea6", "from": "PREFLIGHT_COMPLETE_SEMANTICALLY_VALID", "to": "STAGE_1_COMPLETE"}
{"timestamp": "2026-03-10T12:17:46.820742+00:00", "event": "STATE_TRANSITION", "run_id": "3468c7b4dea6", "from": "STAGE_1_COMPLETE", "to": "STAGE_2_COMPLETE"}
{"timestamp": "2026-03-10T12:17:47.898173+00:00", "event": "STATE_TRANSITION", "run_id": "3468c7b4dea6", "from": "STAGE_2_COMPLETE", "to": "FAILED"}
{"timestamp": "2026-03-10T12:18:38.154937+00:00", "event": "STATE_TRANSITION", "run_id": "3468c7b4dea6", "from": "IDLE", "to": "PREFLIGHT_COMPLETE"}
{"timestamp": "2026-03-10T12:18:38.267705+00:00", "event": "STATE_TRANSITION", "run_id": "3468c7b4dea6", "from": "PREFLIGHT_COMPLETE", "to": "PREFLIGHT_COMPLETE_SEMANTICALLY_VALID"}
{"timestamp": "2026-03-10T12:18:45.634859+00:00", "event": "STATE_TRANSITION", "run_id": "3468c7b4dea6", "from": "PREFLIGHT_COMPLETE_SEMANTICALLY_VALID", "to": "STAGE_1_COMPLETE"}
{"timestamp": "2026-03-10T12:18:54.501163+00:00", "event": "STATE_TRANSITION", "run_id": "3468c7b4dea6", "from": "STAGE_1_COMPLETE", "to": "STAGE_2_COMPLETE"}
{"timestamp": "2026-03-10T12:18:56.903485+00:00", "event": "STATE_TRANSITION", "run_id": "3468c7b4dea6", "from": "STAGE_2_COMPLETE", "to": "STAGE_3_COMPLETE"}
{"timestamp": "2026-03-10T12:18:56.903485+00:00", "event": "SNAPSHOT_VERIFIED", "run_id": "3468c7b4dea6", "strategy_hash": "d6956003d8cc5d9fee2349669e873d9a411347624341c19752eb9b995eb98d7b", "source_hash": "d6956003d8cc5d9fee2349669e873d9a411347624341c19752eb9b995eb98d7b"}
{"timestamp": "2026-03-10T12:18:56.904488+00:00", "event": "ARTIFACT_BOUND", "run_id": "3468c7b4dea6", "manifest_path": "C:\\Users\\faraw\\Documents\\Trade_Scan\\runs\\3468c7b4dea6\\STRATEGY_SNAPSHOT.manifest.json", "artifact_hashes": {"results_tradelevel.csv": "49eee4ed44fe73e83ae72e712dbba1cc167d1642174613d7d44047a71c672a23", "results_standard.csv": "9af5b8e21a29fc62796ff581d441140be097b5320759e0a645a64e4a18aad340", "batch_summary.csv": "a9d7a211dac5ba1aa36863e6784624ece2c81d62c1aad5abfe6d6008eaed48b3"}}
{"timestamp": "2026-03-10T12:18:56.916538+00:00", "event": "STATE_TRANSITION", "run_id": "3468c7b4dea6", "from": "STAGE_3_COMPLETE", "to": "STAGE_3A_COMPLETE"}
{"timestamp": "2026-03-10T12:18:56.928777+00:00", "event": "STATE_TRANSITION", "run_id": "3468c7b4dea6", "from": "STAGE_3A_COMPLETE", "to": "COMPLETE"}
{"timestamp": "2026-03-10T12:18:56.930005+00:00", "event": "RUN_COMPLETE", "run_id": "3468c7b4dea6", "status": "SUCCESS"}
