{"timestamp": "2026-03-10T14:03:07.496105+00:00", "event": "RUN_INITIALIZED", "run_id": "7723d9394e06", "initial_state": "IDLE"}
{"timestamp": "2026-03-10T14:03:08.394826+00:00", "event": "STATE_TRANSITION", "run_id": "7723d9394e06", "from": "IDLE", "to": "PREFLIGHT_COMPLETE"}
{"timestamp": "2026-03-10T14:03:08.428676+00:00", "event": "STATE_TRANSITION", "run_id": "7723d9394e06", "from": "PREFLIGHT_COMPLETE", "to": "PREFLIGHT_COMPLETE_SEMANTICALLY_VALID"}
{"timestamp": "2026-03-10T14:03:09.097991+00:00", "event": "STATE_TRANSITION", "run_id": "7723d9394e06", "from": "PREFLIGHT_COMPLETE_SEMANTICALLY_VALID", "to": "FAILED"}
{"timestamp": "2026-03-10T14:10:19.320000+00:00", "event": "STATE_TRANSITION", "run_id": "7723d9394e06", "from": "IDLE", "to": "PREFLIGHT_COMPLETE"}
{"timestamp": "2026-03-10T14:10:19.349660+00:00", "event": "STATE_TRANSITION", "run_id": "7723d9394e06", "from": "PREFLIGHT_COMPLETE", "to": "PREFLIGHT_COMPLETE_SEMANTICALLY_VALID"}
{"timestamp": "2026-03-10T14:10:19.949933+00:00", "event": "STATE_TRANSITION", "run_id": "7723d9394e06", "from": "PREFLIGHT_COMPLETE_SEMANTICALLY_VALID", "to": "STAGE_1_COMPLETE"}
{"timestamp": "2026-03-10T14:10:21.177800+00:00", "event": "STATE_TRANSITION", "run_id": "7723d9394e06", "from": "STAGE_1_COMPLETE", "to": "STAGE_2_COMPLETE"}
{"timestamp": "2026-03-10T14:10:22.756717+00:00", "event": "STATE_TRANSITION", "run_id": "7723d9394e06", "from": "STAGE_2_COMPLETE", "to": "STAGE_3_COMPLETE"}
{"timestamp": "2026-03-10T14:10:22.756717+00:00", "event": "SNAPSHOT_VERIFIED", "run_id": "7723d9394e06", "strategy_hash": "4891d5297a4efe4dbb185143c50c1ff09cb2250adee76deda8b7700d313e581a", "source_hash": "4891d5297a4efe4dbb185143c50c1ff09cb2250adee76deda8b7700d313e581a"}
{"timestamp": "2026-03-10T14:10:22.765147+00:00", "event": "ARTIFACT_BOUND", "run_id": "7723d9394e06", "manifest_path": "C:\\Users\\faraw\\Documents\\Trade_Scan\\runs\\7723d9394e06\\STRATEGY_SNAPSHOT.manifest.json", "artifact_hashes": {"results_tradelevel.csv": "a03bcc2871d329d8624b8d39cdfa078a8c7bba43440cefc9461d68b4d9ec8b98", "results_standard.csv": "077b17b734be778ef16cdb2fb7ac8509ba06202a5bbf6ec052b46f1c6a13ac1c", "batch_summary.csv": "12ff361a14948be023bf373ea45cf0ed627c92a8089355223fb3189095ccf530"}}
{"timestamp": "2026-03-10T14:10:22.781467+00:00", "event": "STATE_TRANSITION", "run_id": "7723d9394e06", "from": "STAGE_3_COMPLETE", "to": "STAGE_3A_COMPLETE"}
{"timestamp": "2026-03-10T14:10:22.795584+00:00", "event": "STATE_TRANSITION", "run_id": "7723d9394e06", "from": "STAGE_3A_COMPLETE", "to": "COMPLETE"}
{"timestamp": "2026-03-10T14:10:22.795584+00:00", "event": "RUN_COMPLETE", "run_id": "7723d9394e06", "status": "SUCCESS"}
{"timestamp": "2026-03-10T14:14:28.698522+00:00", "event": "STATE_TRANSITION", "run_id": "7723d9394e06", "from": "IDLE", "to": "PREFLIGHT_COMPLETE"}
{"timestamp": "2026-03-10T14:14:28.728309+00:00", "event": "STATE_TRANSITION", "run_id": "7723d9394e06", "from": "PREFLIGHT_COMPLETE", "to": "PREFLIGHT_COMPLETE_SEMANTICALLY_VALID"}
{"timestamp": "2026-03-10T14:14:29.308425+00:00", "event": "STATE_TRANSITION", "run_id": "7723d9394e06", "from": "PREFLIGHT_COMPLETE_SEMANTICALLY_VALID", "to": "STAGE_1_COMPLETE"}
{"timestamp": "2026-03-10T14:14:30.498042+00:00", "event": "STATE_TRANSITION", "run_id": "7723d9394e06", "from": "STAGE_1_COMPLETE", "to": "STAGE_2_COMPLETE"}
{"timestamp": "2026-03-10T14:14:32.055193+00:00", "event": "STATE_TRANSITION", "run_id": "7723d9394e06", "from": "STAGE_2_COMPLETE", "to": "STAGE_3_COMPLETE"}
{"timestamp": "2026-03-10T14:14:32.055193+00:00", "event": "SNAPSHOT_VERIFIED", "run_id": "7723d9394e06", "strategy_hash": "4891d5297a4efe4dbb185143c50c1ff09cb2250adee76deda8b7700d313e581a", "source_hash": "4891d5297a4efe4dbb185143c50c1ff09cb2250adee76deda8b7700d313e581a"}
{"timestamp": "2026-03-10T14:14:32.057958+00:00", "event": "ARTIFACT_BOUND", "run_id": "7723d9394e06", "manifest_path": "C:\\Users\\faraw\\Documents\\Trade_Scan\\runs\\7723d9394e06\\STRATEGY_SNAPSHOT.manifest.json", "artifact_hashes": {"results_tradelevel.csv": "a03bcc2871d329d8624b8d39cdfa078a8c7bba43440cefc9461d68b4d9ec8b98", "results_standard.csv": "077b17b734be778ef16cdb2fb7ac8509ba06202a5bbf6ec052b46f1c6a13ac1c", "batch_summary.csv": "12ff361a14948be023bf373ea45cf0ed627c92a8089355223fb3189095ccf530"}}
{"timestamp": "2026-03-10T14:14:32.069932+00:00", "event": "STATE_TRANSITION", "run_id": "7723d9394e06", "from": "STAGE_3_COMPLETE", "to": "STAGE_3A_COMPLETE"}
{"timestamp": "2026-03-10T14:14:32.081930+00:00", "event": "STATE_TRANSITION", "run_id": "7723d9394e06", "from": "STAGE_3A_COMPLETE", "to": "COMPLETE"}
{"timestamp": "2026-03-10T14:14:32.081930+00:00", "event": "RUN_COMPLETE", "run_id": "7723d9394e06", "status": "SUCCESS"}
