2026-03-15T17:27:20Z | TEST_DIRECTIVE | abc123 | PREFLIGHT | STAGE_FAILURE | Simulated preflight failure for smoke test
2026-03-15T17:27:20Z | TEST_DIRECTIVE | def456 | SYMBOL_EXECUTION | ENGINE_CRASH | Exit code 1: SyntaxError in strategy.py
2026-03-15T17:27:20Z | TEST_DIRECTIVE | N/A | ORCHESTRATOR | PIPELINE_ERROR | Simulated orchestration failure
2026-03-16T05:19:01Z | 07_MR_XAUUSD_5M_SMI_SMIFILT_S03_V1_P00 | N/A | PREFLIGHT | STAGE_FAILURE | CalledProcessError: Command '['C:\\Users\\faraw\\AppData\\Local\\Programs\\Python\\Python311\\python.exe', 'tools/exec_preflight.py', '07_MR_XAUUSD_5M_SMI_SMIFILT_S03_V1_P00']' returned non-zero exit status 1.
2026-03-16T05:19:01Z | 07_MR_XAUUSD_5M_SMI_SMIFILT_S03_V1_P00 | 5cebbba970262ec7e70d8871 | ORCHESTRATOR | PIPELINE_ERROR | Unhandled orchestration failure: Command '['C:\\Users\\faraw\\AppData\\Local\\Programs\\Python\\Python311\\python.exe', 'tools/exec_preflight.py', '07_MR_XAUUSD_5M_SMI_SMIFILT_S03_V1_P00']' returned non-zero exit status 1.
2026-03-16T05:19:28Z | 07_MR_XAUUSD_5M_SMI_SMIFILT_S03_V1_P00 | N/A | PREFLIGHT | STAGE_FAILURE | CalledProcessError: Command '['C:\\Users\\faraw\\AppData\\Local\\Programs\\Python\\Python311\\python.exe', 'tools/exec_preflight.py', '07_MR_XAUUSD_5M_SMI_SMIFILT_S03_V1_P00']' returned non-zero exit status 1.
2026-03-16T05:19:28Z | 07_MR_XAUUSD_5M_SMI_SMIFILT_S03_V1_P00 | ee12caa585346a100f3bf827 | ORCHESTRATOR | PIPELINE_ERROR | Unhandled orchestration failure: Command '['C:\\Users\\faraw\\AppData\\Local\\Programs\\Python\\Python311\\python.exe', 'tools/exec_preflight.py', '07_MR_XAUUSD_5M_SMI_SMIFILT_S03_V1_P00']' returned non-zero exit status 1.
2026-03-16T05:19:47Z | 07_MR_XAUUSD_5M_SMI_SMIFILT_S03_V1_P00 | N/A | PREFLIGHT | STAGE_FAILURE | PipelineAdmissionPause: Preflight admission gate paused execution pending human implementation.
2026-03-16T05:25:59Z | 07_MR_XAUUSD_5M_SMI_SMIFILT_S03_V1_P00 | N/A | PREFLIGHT | STAGE_FAILURE | PipelineExecutionError: Stage-0.75 Dry-Run Validation FAILED.
2026-03-16T05:25:59Z | 07_MR_XAUUSD_5M_SMI_SMIFILT_S03_V1_P00 | 79a982fb519cef59b79ee644 | ORCHESTRATOR | PIPELINE_ERROR | Stage-0.75 Dry-Run Validation FAILED.
2026-03-16T05:26:23Z | 07_MR_XAUUSD_5M_SMI_SMIFILT_S03_V1_P00 | N/A | PREFLIGHT | STAGE_FAILURE | PipelineExecutionError: Stage-0.75 Dry-Run Validation FAILED.
2026-03-16T05:26:23Z | 07_MR_XAUUSD_5M_SMI_SMIFILT_S03_V1_P00 | 79a982fb519cef59b79ee644 | ORCHESTRATOR | PIPELINE_ERROR | Stage-0.75 Dry-Run Validation FAILED.
2026-03-16T05:27:46Z | 07_MR_XAUUSD_5M_SMI_SMIFILT_S03_V1_P00 | 79a982fb519cef59b79ee644 | SYMBOL_EXECUTION | ENGINE_CRASH | Exit code 1: Traceback (most recent call last):   File "C:\Users\faraw\Documents\Trade_Scan\tools\run_stage1.py", line 773, in main     strategy = load_strategy(strategy_id, run_id=run_id)                ^^^^^^^^^^^^^^^^^^^^^^^^^^^^^^^^^^^^^^^^^   File "C:\Users\faraw\Documents\Trade_Scan\tools\run_stage1.py", l
2026-03-16T05:27:46Z | 07_MR_XAUUSD_5M_SMI_SMIFILT_S03_V1_P00 | N/A | SYMBOL_EXECUTION | STAGE_FAILURE | CalledProcessError: Command '['python', 'tools/run_stage1.py', '07_MR_XAUUSD_5M_SMI_SMIFILT_S03_V1_P00', '--symbol', 'XAUUSD', '--run_id', '79a982fb519cef59b79ee644']' returned non-zero exit status 1.
2026-03-16T05:27:46Z | 07_MR_XAUUSD_5M_SMI_SMIFILT_S03_V1_P00 | 79a982fb519cef59b79ee644 | ORCHESTRATOR | PIPELINE_ERROR | Unhandled orchestration failure: Command '['python', 'tools/run_stage1.py', '07_MR_XAUUSD_5M_SMI_SMIFILT_S03_V1_P00', '--symbol', 'XAUUSD', '--run_id', '79a982fb519cef59b79ee644']' returned non-zero exit status 1.
2026-03-16T05:29:04Z | 07_MR_XAUUSD_5M_SMI_SMIFILT_S03_V1_P00 | N/A | REPORTING | STAGE_FAILURE | CalledProcessError: Command '['C:\\Users\\faraw\\AppData\\Local\\Programs\\Python\\Python311\\python.exe', '-m', 'engine_dev.universal_research_engine.v1_5_3.stage2_compiler', '--scan', '07_MR_XAUUSD_5M_SMI_SMIFILT_S03_V1_P00']' returned non-zero exit status 1.
2026-03-16T05:29:04Z | 07_MR_XAUUSD_5M_SMI_SMIFILT_S03_V1_P00 | 79a982fb519cef59b79ee644 | ORCHESTRATOR | PIPELINE_ERROR | Unhandled orchestration failure: Command '['C:\\Users\\faraw\\AppData\\Local\\Programs\\Python\\Python311\\python.exe', '-m', 'engine_dev.universal_research_engine.v1_5_3.stage2_compiler', '--scan', '07_MR_XAUUSD_5M_SMI_SMIFILT_S03_V1_P00']' returned non-zero exit status 1.
2026-03-16T05:49:57Z | UNKNOWN | N/A | ORCHESTRATOR | PIPELINE_ERROR | Tool modified after manifest generation: run_pipeline.py. Run python tools/generate_guard_manifest.py
2026-03-16T05:53:13Z | 07_MR_XAUUSD_15M_SMI_SMIFILT_S01_V1_P00 | N/A | PREFLIGHT | STAGE_FAILURE | PipelineAdmissionPause: Preflight admission gate paused execution pending human implementation.
2026-03-16T05:54:45Z | 07_MR_XAUUSD_15M_SMI_SMIFILT_S01_V1_P00 | 3c920b00305d2ca1543c169b | SYMBOL_EXECUTION | ENGINE_CRASH | Exit code 1: C:\Users\faraw\Documents\Trade_Scan\indicators\momentum\stochastic_momentum_index.py:85: FutureWarning: Series.fillna with 'method' is deprecated and will raise in a future version. Use obj.ffill() or obj.bfill() instead.   smi = smi.fillna(method="ffill") C:\Users\faraw\Documents\Trade_Scan\indicat
2026-03-16T05:54:45Z | 07_MR_XAUUSD_15M_SMI_SMIFILT_S01_V1_P00 | N/A | SYMBOL_EXECUTION | STAGE_FAILURE | CalledProcessError: Command '['python', 'tools/run_stage1.py', '07_MR_XAUUSD_15M_SMI_SMIFILT_S01_V1_P00', '--symbol', 'XAUUSD', '--run_id', '3c920b00305d2ca1543c169b']' returned non-zero exit status 1.
2026-03-16T05:54:45Z | 07_MR_XAUUSD_15M_SMI_SMIFILT_S01_V1_P00 | 3c920b00305d2ca1543c169b | ORCHESTRATOR | PIPELINE_ERROR | Unhandled orchestration failure: Command '['python', 'tools/run_stage1.py', '07_MR_XAUUSD_15M_SMI_SMIFILT_S01_V1_P00', '--symbol', 'XAUUSD', '--run_id', '3c920b00305d2ca1543c169b']' returned non-zero exit status 1.
2026-03-16T05:56:53Z | 07_MR_XAUUSD_15M_SMI_SMIFILT_S01_V1_P00 | N/A | ORCHESTRATOR | PIPELINE_ERROR | Directive 07_MR_XAUUSD_15M_SMI_SMIFILT_S01_V1_P00 is FAILED and must be reset before rerun.
2026-03-16T05:57:08Z | 07_MR_XAUUSD_15M_SMI_SMIFILT_S01_V1_P00 | N/A | REPORTING | STAGE_FAILURE | CalledProcessError: Command '['C:\\Users\\faraw\\AppData\\Local\\Programs\\Python\\Python311\\python.exe', '-m', 'engine_dev.universal_research_engine.v1_5_3.stage2_compiler', '--scan', '07_MR_XAUUSD_15M_SMI_SMIFILT_S01_V1_P00']' returned non-zero exit status 1.
2026-03-16T05:57:08Z | 07_MR_XAUUSD_15M_SMI_SMIFILT_S01_V1_P00 | 3c920b00305d2ca1543c169b | ORCHESTRATOR | PIPELINE_ERROR | Unhandled orchestration failure: Command '['C:\\Users\\faraw\\AppData\\Local\\Programs\\Python\\Python311\\python.exe', '-m', 'engine_dev.universal_research_engine.v1_5_3.stage2_compiler', '--scan', '07_MR_XAUUSD_15M_SMI_SMIFILT_S01_V1_P00']' returned non-zero exit status 1.
2026-03-16T05:58:50Z | 07_MR_XAUUSD_15M_SMI_SMIFILT_S01_V1_P00 | N/A | ORCHESTRATOR | PIPELINE_ERROR | Directive 07_MR_XAUUSD_15M_SMI_SMIFILT_S01_V1_P00 is FAILED and must be reset before rerun.
2026-03-16T05:59:17Z | 07_MR_XAUUSD_15M_SMI_SMIFILT_S01_V1_P00 | N/A | REPORTING | STAGE_FAILURE | CalledProcessError: Command '['C:\\Users\\faraw\\AppData\\Local\\Programs\\Python\\Python311\\python.exe', '-m', 'engine_dev.universal_research_engine.v1_5_3.stage2_compiler', '--scan', '07_MR_XAUUSD_15M_SMI_SMIFILT_S01_V1_P00']' returned non-zero exit status 1.
2026-03-16T05:59:17Z | 07_MR_XAUUSD_15M_SMI_SMIFILT_S01_V1_P00 | 3c920b00305d2ca1543c169b | ORCHESTRATOR | PIPELINE_ERROR | Unhandled orchestration failure: Command '['C:\\Users\\faraw\\AppData\\Local\\Programs\\Python\\Python311\\python.exe', '-m', 'engine_dev.universal_research_engine.v1_5_3.stage2_compiler', '--scan', '07_MR_XAUUSD_15M_SMI_SMIFILT_S01_V1_P00']' returned non-zero exit status 1.
2026-03-16T06:06:39Z | 07_MR_XAUUSD_15M_SMI_SMIFILT_S01_V1_P00 | N/A | ORCHESTRATOR | PIPELINE_ERROR | Directive 07_MR_XAUUSD_15M_SMI_SMIFILT_S01_V1_P00 is FAILED and must be reset before rerun.
2026-03-16T06:21:11Z | UNKNOWN | N/A | ORCHESTRATOR | PIPELINE_ERROR | Tool modified after manifest generation: run_pipeline.py. Run python tools/generate_guard_manifest.py
2026-03-16T06:33:19Z | 07_MR_XAUUSD_15M_SMI_SMIFILT_S01_V1_P00 | N/A | PREFLIGHT | STAGE_FAILURE | PipelineExecutionError: Stage-0.75 Dry-Run Validation FAILED.
2026-03-16T06:33:19Z | 07_MR_XAUUSD_15M_SMI_SMIFILT_S01_V1_P00 | f1ac2c5a5a19a7b4f88d28fe | ORCHESTRATOR | PIPELINE_ERROR | Stage-0.75 Dry-Run Validation FAILED.
2026-03-16T06:33:27Z | 07_MR_XAUUSD_15M_SMI_SMIFILT_S01_V1_P00 | N/A | PREFLIGHT | STAGE_FAILURE | PipelineExecutionError: Stage-0.75 Dry-Run Validation FAILED.
2026-03-16T06:33:27Z | 07_MR_XAUUSD_15M_SMI_SMIFILT_S01_V1_P00 | 27d62dda8e4234e7e026fec2 | ORCHESTRATOR | PIPELINE_ERROR | Stage-0.75 Dry-Run Validation FAILED.
2026-03-16T06:40:17Z | UNKNOWN | N/A | ORCHESTRATOR | PIPELINE_ERROR | Tool modified after manifest generation: pipeline_utils.py. Run python tools/generate_guard_manifest.py
2026-03-16T06:40:32Z | 07_MR_XAUUSD_15M_SMI_SMIFILT_S01_V1_P00 | N/A | PREFLIGHT | STAGE_FAILURE | PipelineExecutionError: Stage-0.75 Dry-Run Validation FAILED.
2026-03-16T06:40:32Z | 07_MR_XAUUSD_15M_SMI_SMIFILT_S01_V1_P00 | 27d62dda8e4234e7e026fec2 | ORCHESTRATOR | PIPELINE_ERROR | Stage-0.75 Dry-Run Validation FAILED.
2026-03-16T06:40:40Z | 07_MR_XAUUSD_15M_SMI_SMIFILT_S01_V1_P00 | N/A | PREFLIGHT | STAGE_FAILURE | PipelineExecutionError: Stage-0.75 Dry-Run Validation FAILED.
2026-03-16T06:40:40Z | 07_MR_XAUUSD_15M_SMI_SMIFILT_S01_V1_P00 | 04af8cb2bb462ccc3bdc7640 | ORCHESTRATOR | PIPELINE_ERROR | Stage-0.75 Dry-Run Validation FAILED.
2026-03-16T06:44:03Z | 07_MR_XAUUSD_15M_SMI_SMIFILT_S01_V1_P00 | N/A | AGGREGATION | STAGE_FAILURE | PipelineExecutionError: Stage-3 cardinality mismatch: expected 1, found 2 for 07_MR_XAUUSD_15M_SMI_SMIFILT_S01_V1_P00
2026-03-16T06:44:03Z | 07_MR_XAUUSD_15M_SMI_SMIFILT_S01_V1_P00 | e45719873943f8496891a2ba | ORCHESTRATOR | PIPELINE_ERROR | Stage-3 cardinality mismatch: expected 1, found 2 for 07_MR_XAUUSD_15M_SMI_SMIFILT_S01_V1_P00
2026-03-16T06:50:50Z | 07_MR_XAUUSD_15M_SMI_SMIFILT_S01_V1_P00 | N/A | AGGREGATION | STAGE_FAILURE | PipelineExecutionError: Stage-3 cardinality mismatch: expected 1, found 3 for 07_MR_XAUUSD_15M_SMI_SMIFILT_S01_V1_P00
2026-03-16T06:50:50Z | 07_MR_XAUUSD_15M_SMI_SMIFILT_S01_V1_P00 | 3667bc97c1a10eb9e0585060 | ORCHESTRATOR | PIPELINE_ERROR | Stage-3 cardinality mismatch: expected 1, found 3 for 07_MR_XAUUSD_15M_SMI_SMIFILT_S01_V1_P00
2026-03-16T06:54:55Z | UNKNOWN | N/A | ORCHESTRATOR | PIPELINE_ERROR | Tool modified after manifest generation: run_pipeline.py. Run python tools/generate_guard_manifest.py
2026-03-16T06:59:01Z | 07_MR_XAUUSD_15M_SMI_SMIFILT_S01_V1_P00 | N/A | PREFLIGHT | STAGE_FAILURE | NameError: name 'old_state' is not defined
2026-03-16T06:59:01Z | 07_MR_XAUUSD_15M_SMI_SMIFILT_S01_V1_P00 | 8a36c96a4a4871bb2b537f61 | ORCHESTRATOR | PIPELINE_ERROR | Unhandled orchestration failure: name 'old_state' is not defined
2026-03-16T06:59:16Z | 07_MR_XAUUSD_15M_SMI_SMIFILT_S01_V1_P00 | 8a36c96a4a4871bb2b537f61 | SYMBOL_EXECUTION | ENGINE_CRASH | Exit code 1: C:\Users\faraw\Documents\Trade_Scan\indicators\momentum\stochastic_momentum_index.py:85: FutureWarning: Series.fillna with 'method' is deprecated and will raise in a future version. Use obj.ffill() or obj.bfill() instead.   smi = smi.fillna(method="ffill") C:\Users\faraw\Documents\Trade_Scan\indicat
2026-03-16T06:59:16Z | 07_MR_XAUUSD_15M_SMI_SMIFILT_S01_V1_P00 | N/A | SYMBOL_EXECUTION | STAGE_FAILURE | OSError: [Errno 22] Invalid argument
2026-03-16T06:59:16Z | UNKNOWN | N/A | ORCHESTRATOR | PIPELINE_ERROR | Unhandled pipeline error: [Errno 22] Invalid argument
2026-03-16T07:00:24Z | 07_MR_XAUUSD_15M_SMI_SMIFILT_S01_V1_P00 | 8a36c96a4a4871bb2b537f61 | SYMBOL_EXECUTION | ENGINE_CRASH | Exit code 1: C:\Users\faraw\Documents\Trade_Scan\indicators\momentum\stochastic_momentum_index.py:85: FutureWarning: Series.fillna with 'method' is deprecated and will raise in a future version. Use obj.ffill() or obj.bfill() instead.   smi = smi.fillna(method="ffill") C:\Users\faraw\Documents\Trade_Scan\indicat
2026-03-16T07:00:24Z | 07_MR_XAUUSD_15M_SMI_SMIFILT_S01_V1_P00 | N/A | SYMBOL_EXECUTION | STAGE_FAILURE | OSError: [Errno 22] Invalid argument
2026-03-16T07:00:24Z | UNKNOWN | N/A | ORCHESTRATOR | PIPELINE_ERROR | Unhandled pipeline error: [Errno 22] Invalid argument
2026-03-16T07:01:52Z | 07_MR_XAUUSD_15M_SMI_SMIFILT_S01_V1_P00 | N/A | SYMBOL_EXECUTION | STAGE_FAILURE | RuntimeError: [FATAL] Illegal State Transition: ABORTED -> STAGE_1_COMPLETE. Allowed: []
2026-03-16T07:01:52Z | UNKNOWN | N/A | ORCHESTRATOR | PIPELINE_ERROR | Unhandled pipeline error: [Errno 22] Invalid argument
2026-03-16T07:23:44Z | UNKNOWN | N/A | ORCHESTRATOR | PIPELINE_ERROR | Tool modified after manifest generation: orchestration/runner.py. Run python tools/generate_guard_manifest.py
2026-03-16T07:24:01Z | 07_MR_XAUUSD_15M_SMI_SMIFILT_S01_V1_P00 | b473fd5c1c0a55f2a2ff46fc | PREFLIGHT | STAGE_FAILURE | Unhandled exception in stage PREFLIGHT: TEST_CRASH
2026-03-16T07:24:01Z | 07_MR_XAUUSD_15M_SMI_SMIFILT_S01_V1_P00 | b473fd5c1c0a55f2a2ff46fc | ORCHESTRATOR | PIPELINE_ERROR | Unhandled exception in stage PREFLIGHT: TEST_CRASH
2026-03-16T07:24:46Z | 07_MR_XAUUSD_15M_SMI_SMIFILT_S01_V1_P00 | f1ac2c5a5a19a7b4f88d28fe | PREFLIGHT | STAGE_FAILURE | Unhandled exception in stage PREFLIGHT: TEST_CRASH
2026-03-16T07:24:46Z | 07_MR_XAUUSD_15M_SMI_SMIFILT_S01_V1_P00 | f1ac2c5a5a19a7b4f88d28fe | ORCHESTRATOR | PIPELINE_ERROR | Unhandled exception in stage PREFLIGHT: TEST_CRASH
2026-03-16T07:25:08Z | 07_MR_XAUUSD_15M_SMI_SMIFILT_S01_V1_P00 | f1ac2c5a5a19a7b4f88d28fe | PREFLIGHT | STAGE_FAILURE | TEST_PIPELINE_ERROR
2026-03-16T07:25:08Z | 07_MR_XAUUSD_15M_SMI_SMIFILT_S01_V1_P00 | N/A | ORCHESTRATOR | PIPELINE_ERROR | TEST_PIPELINE_ERROR
2026-03-16T07:47:43Z | 07_MR_XAUUSD_15M_SMI_SMIFILT_S01_V1_P00 | 27d62dda8e4234e7e026fec2 | AGGREGATION | STAGE_FAILURE | STAGE_FAILURE | directive=07_MR_XAUUSD_15M_SMI_SMIFILT_S01_V1_P00 | stage=AGGREGATION | run_id=27d62dda8e4234e7e026fec2 | error=Unhandled exception in stage AGGREGATION: Command '['C:\\Users\\faraw\\AppData\\Local\\Programs\\Python\\Python311\\python.exe', 'tools/stage3_compiler.py', '07_MR_XAUUSD_15M_SMI_SMIFILT_S01_V1_P00']' returned non-zero exit status 1.
2026-03-16T07:47:43Z | 07_MR_XAUUSD_15M_SMI_SMIFILT_S01_V1_P00 | 27d62dda8e4234e7e026fec2 | ORCHESTRATOR | PIPELINE_ERROR | Unhandled exception in stage AGGREGATION: Command '['C:\\Users\\faraw\\AppData\\Local\\Programs\\Python\\Python311\\python.exe', 'tools/stage3_compiler.py', '07_MR_XAUUSD_15M_SMI_SMIFILT_S01_V1_P00']' returned non-zero exit status 1.
2026-03-16T07:48:58Z | 07_MR_XAUUSD_15M_SMI_SMIFILT_S01_V1_P00 | f1ac2c5a5a19a7b4f88d28fe | PREFLIGHT | STAGE_FAILURE | STAGE_FAILURE | directive=07_MR_XAUUSD_15M_SMI_SMIFILT_S01_V1_P00 | stage=PREFLIGHT | run_id=f1ac2c5a5a19a7b4f88d28fe | error=Pipeline paused cleanly for --provision-only or human implementation.
2026-03-16T07:49:28Z | 07_MR_XAUUSD_15M_SMI_SMIFILT_S01_V1_P00 | f1ac2c5a5a19a7b4f88d28fe | SYMBOL_EXECUTION | STAGE_FAILURE | STAGE_FAILURE | directive=07_MR_XAUUSD_15M_SMI_SMIFILT_S01_V1_P00 | stage=SYMBOL_EXECUTION | run_id=f1ac2c5a5a19a7b4f88d28fe | error=Unhandled exception in stage SYMBOL_EXECUTION: [FATAL] Illegal State Transition: IDLE -> STAGE_1_COMPLETE. Allowed: ['PREFLIGHT_COMPLETE', 'FAILED']
2026-03-16T07:49:28Z | 07_MR_XAUUSD_15M_SMI_SMIFILT_S01_V1_P00 | f1ac2c5a5a19a7b4f88d28fe | ORCHESTRATOR | PIPELINE_ERROR | Unhandled exception in stage SYMBOL_EXECUTION: [FATAL] Illegal State Transition: IDLE -> STAGE_1_COMPLETE. Allowed: ['PREFLIGHT_COMPLETE', 'FAILED']
2026-03-16T07:51:40Z | 07_MR_XAUUSD_15M_SMI_SMIFILT_S01_V1_P00 | f1ac2c5a5a19a7b4f88d28fe | PREFLIGHT | STAGE_FAILURE | STAGE_FAILURE | directive=07_MR_XAUUSD_15M_SMI_SMIFILT_S01_V1_P00 | stage=PREFLIGHT | run_id=f1ac2c5a5a19a7b4f88d28fe | error=Pipeline paused cleanly for --provision-only or human implementation.
2026-03-16T07:51:48Z | 07_MR_XAUUSD_15M_SMI_SMIFILT_S01_V1_P00 | f1ac2c5a5a19a7b4f88d28fe | REPORTING | STAGE_FAILURE | STAGE_FAILURE | directive=07_MR_XAUUSD_15M_SMI_SMIFILT_S01_V1_P00 | stage=REPORTING | run_id=f1ac2c5a5a19a7b4f88d28fe | error=Unhandled exception in stage REPORTING: Command '['C:\\Users\\faraw\\AppData\\Local\\Programs\\Python\\Python311\\python.exe', '-m', 'engine_dev.universal_research_engine.v1_5_3.stage2_compiler', '--scan', '07_MR_XAUUSD_15M_SMI_SMIFILT_S01_V1_P00']' returned non-zero exit status 1.
2026-03-16T07:51:48Z | 07_MR_XAUUSD_15M_SMI_SMIFILT_S01_V1_P00 | f1ac2c5a5a19a7b4f88d28fe | ORCHESTRATOR | PIPELINE_ERROR | Unhandled exception in stage REPORTING: Command '['C:\\Users\\faraw\\AppData\\Local\\Programs\\Python\\Python311\\python.exe', '-m', 'engine_dev.universal_research_engine.v1_5_3.stage2_compiler', '--scan', '07_MR_XAUUSD_15M_SMI_SMIFILT_S01_V1_P00']' returned non-zero exit status 1.
2026-03-16T07:52:24Z | UNKNOWN | N/A | ORCHESTRATOR | PIPELINE_ERROR | Tool modified after manifest generation: run_pipeline.py. Run python tools/generate_guard_manifest.py
2026-03-16T07:52:53Z | 07_MR_XAUUSD_15M_SMI_SMIFILT_S01_V1_P00 | 27d62dda8e4234e7e026fec2 | AGGREGATION | STAGE_FAILURE | STAGE_FAILURE | directive=07_MR_XAUUSD_15M_SMI_SMIFILT_S01_V1_P00 | stage=AGGREGATION | run_id=27d62dda8e4234e7e026fec2 | error=Stage-3 cardinality mismatch: expected 1, found 4 for 07_MR_XAUUSD_15M_SMI_SMIFILT_S01_V1_P00
2026-03-16T07:52:53Z | 07_MR_XAUUSD_15M_SMI_SMIFILT_S01_V1_P00 | 27d62dda8e4234e7e026fec2 | ORCHESTRATOR | PIPELINE_ERROR | Stage-3 cardinality mismatch: expected 1, found 4 for 07_MR_XAUUSD_15M_SMI_SMIFILT_S01_V1_P00
2026-03-16T07:53:58Z | 07_MR_XAUUSD_15M_SMI_SMIFILT_S01_V1_P00 | f1ac2c5a5a19a7b4f88d28fe | PREFLIGHT | STAGE_FAILURE | STAGE_FAILURE | directive=07_MR_XAUUSD_15M_SMI_SMIFILT_S01_V1_P00 | stage=PREFLIGHT | run_id=f1ac2c5a5a19a7b4f88d28fe | error=Pipeline paused cleanly for --provision-only or human implementation.
2026-03-16T07:54:21Z | 07_MR_XAUUSD_15M_SMI_SMIFILT_S01_V1_P00 | f1ac2c5a5a19a7b4f88d28fe | PORTFOLIO | STAGE_FAILURE | STAGE_FAILURE | directive=07_MR_XAUUSD_15M_SMI_SMIFILT_S01_V1_P00 | stage=PORTFOLIO | run_id=f1ac2c5a5a19a7b4f88d28fe | error=Unhandled exception in stage PORTFOLIO: Command '['C:\\Users\\faraw\\AppData\\Local\\Programs\\Python\\Python311\\python.exe', 'tools/portfolio_evaluator.py', '07_MR_XAUUSD_15M_SMI_SMIFILT_S01_V1_P00', '--run-ids', 'f1ac2c5a5a19a7b4f88d28fe']' returned non-zero exit status 1.
2026-03-16T07:54:21Z | 07_MR_XAUUSD_15M_SMI_SMIFILT_S01_V1_P00 | f1ac2c5a5a19a7b4f88d28fe | ORCHESTRATOR | PIPELINE_ERROR | Unhandled exception in stage PORTFOLIO: Command '['C:\\Users\\faraw\\AppData\\Local\\Programs\\Python\\Python311\\python.exe', 'tools/portfolio_evaluator.py', '07_MR_XAUUSD_15M_SMI_SMIFILT_S01_V1_P00', '--run-ids', 'f1ac2c5a5a19a7b4f88d28fe']' returned non-zero exit status 1.
2026-03-16T07:55:31Z | 07_MR_XAUUSD_15M_SMI_SMIFILT_S01_V1_P00 | 27d62dda8e4234e7e026fec2 | AGGREGATION | STAGE_FAILURE | STAGE_FAILURE | directive=07_MR_XAUUSD_15M_SMI_SMIFILT_S01_V1_P00 | stage=AGGREGATION | run_id=27d62dda8e4234e7e026fec2 | error=Stage-3 cardinality mismatch: expected 1, found 2 for 07_MR_XAUUSD_15M_SMI_SMIFILT_S01_V1_P00
2026-03-16T07:55:31Z | 07_MR_XAUUSD_15M_SMI_SMIFILT_S01_V1_P00 | 27d62dda8e4234e7e026fec2 | ORCHESTRATOR | PIPELINE_ERROR | Stage-3 cardinality mismatch: expected 1, found 2 for 07_MR_XAUUSD_15M_SMI_SMIFILT_S01_V1_P00
2026-03-16T08:04:35Z | UNKNOWN | N/A | ORCHESTRATOR | PIPELINE_ERROR | Tool modified after manifest generation: run_pipeline.py. Run python tools/generate_guard_manifest.py
2026-03-16T08:16:27Z | PHASE2_TEST_S01 | N/A | ORCHESTRATOR | PIPELINE_ERROR | STAGE -0.30 NAMESPACE GATE FAILED: NAMESPACE_IDENTITY_MISMATCH: Require filename == test.strategy. Found filename='PHASE2_TEST_S01', test.strategy='01_MR_FX_1H_ULTC_REGFILT_S02_V1_P00'.
2026-03-16T08:17:03Z | 01_MR_FX_1H_ULTC_REGFILT_S15_V1_P00 | N/A | ORCHESTRATOR | PIPELINE_ERROR | STAGE -0.35 SWEEP GATE FAILED: SWEEP_IDEMPOTENCY_MISMATCH: identity already allocated at 'S02', requested 'S15'.
2026-03-16T08:17:29Z | 01_MR_FX_1H_ULTC_REGFILT_S15_V1_P00 | d086154b4a8fbee974aef74b | PREFLIGHT | STAGE_FAILURE | STAGE_FAILURE | directive=01_MR_FX_1H_ULTC_REGFILT_S15_V1_P00 | stage=PREFLIGHT | run_id=d086154b4a8fbee974aef74b | error=Unhandled exception in stage PREFLIGHT: Command '['C:\\Users\\faraw\\AppData\\Local\\Programs\\Python\\Python311\\python.exe', 'tools/exec_preflight.py', '01_MR_FX_1H_ULTC_REGFILT_S15_V1_P00']' returned non-zero exit status 1.
2026-03-16T08:17:29Z | 01_MR_FX_1H_ULTC_REGFILT_S15_V1_P00 | d086154b4a8fbee974aef74b | ORCHESTRATOR | PIPELINE_ERROR | Unhandled exception in stage PREFLIGHT: Command '['C:\\Users\\faraw\\AppData\\Local\\Programs\\Python\\Python311\\python.exe', 'tools/exec_preflight.py', '01_MR_FX_1H_ULTC_REGFILT_S15_V1_P00']' returned non-zero exit status 1.
2026-03-16T08:18:25Z | UNKNOWN | N/A | ORCHESTRATOR | PIPELINE_ERROR | Tool modified after manifest generation: exec_preflight.py. Run python tools/generate_guard_manifest.py
2026-03-16T08:18:35Z | 01_MR_FX_1H_ULTC_REGFILT_S15_V1_P00 | 12a0f0f65a670d23da7377d5 | PREFLIGHT | STAGE_FAILURE | STAGE_FAILURE | directive=01_MR_FX_1H_ULTC_REGFILT_S15_V1_P00 | stage=PREFLIGHT | run_id=12a0f0f65a670d23da7377d5 | error=Preflight admission gate paused execution pending human implementation.
2026-03-16T08:18:45Z | 01_MR_FX_1H_ULTC_REGFILT_S15_V1_P00 | 12a0f0f65a670d23da7377d5 | PREFLIGHT | STAGE_FAILURE | STAGE_FAILURE | directive=01_MR_FX_1H_ULTC_REGFILT_S15_V1_P00 | stage=PREFLIGHT | run_id=12a0f0f65a670d23da7377d5 | error=Preflight admission gate paused execution pending human implementation.
2026-03-16T08:19:18Z | 07_MR_XAUUSD_15M_SMI_SMIFILT_S15_V1_P00 | 91651c79e16f22d1a1822c30 | PREFLIGHT | STAGE_FAILURE | STAGE_FAILURE | directive=07_MR_XAUUSD_15M_SMI_SMIFILT_S15_V1_P00 | stage=PREFLIGHT | run_id=91651c79e16f22d1a1822c30 | error=Preflight admission gate paused execution pending human implementation.
2026-03-16T08:20:02Z | 07_MR_XAUUSD_15M_SMI_SMIFILT_S15_V1_P00 | 91651c79e16f22d1a1822c30 | SYMBOL_EXECUTION | STAGE_FAILURE | STAGE_FAILURE | directive=07_MR_XAUUSD_15M_SMI_SMIFILT_S15_V1_P00 | stage=SYMBOL_EXECUTION | run_id=91651c79e16f22d1a1822c30 | error=Unhandled exception in stage SYMBOL_EXECUTION: [FATAL] Stage-1 artifact missing for XAUUSD. (Probable NO_TRADES).
2026-03-16T08:20:02Z | 07_MR_XAUUSD_15M_SMI_SMIFILT_S15_V1_P00 | 91651c79e16f22d1a1822c30 | ORCHESTRATOR | PIPELINE_ERROR | Unhandled exception in stage SYMBOL_EXECUTION: [FATAL] Stage-1 artifact missing for XAUUSD. (Probable NO_TRADES).
2026-03-16T08:26:15Z | FAILURE_TEST_S01 | N/A | ORCHESTRATOR | PIPELINE_ERROR | STAGE -0.25 CANONICALIZATION FAILED: STRUCTURALLY_INCOMPLETE: Missing required block: 'symbols'
2026-03-16T08:27:47Z | FAILURE_TEST_S01 | N/A | ORCHESTRATOR | PIPELINE_ERROR | STAGE -0.25 CANONICALIZATION FAILED: UNKNOWN_STRUCTURE: Unknown top-level keys detected: ['strategy', 'timeframe']
2026-03-16T08:28:53Z | FAILURE_TEST_S01 | N/A | ORCHESTRATOR | PIPELINE_ERROR | STAGE -0.30 NAMESPACE GATE FAILED: NAMESPACE_PATTERN_INVALID: Expected <ID>_<FAMILY>_<SYMBOL>_<TF>_<MODEL>[_<FILTER>]_S<NN>_V<N>_P<NN> with optional 'C_' clone prefix.
2026-03-16T08:30:14Z | FAILURE_TEST_S01 | N/A | ORCHESTRATOR | PIPELINE_ERROR | STAGE -0.30 NAMESPACE GATE FAILED: NAMESPACE_PATTERN_INVALID: Expected <ID>_<FAMILY>_<SYMBOL>_<TF>_<MODEL>[_<FILTER>]_S<NN>_V<N>_P<NN> with optional 'C_' clone prefix.
2026-03-16T08:30:49Z | 05_PORT_XAUUSD_15M_PORT_TRENDFILT_S03_V1_P00 | 98d91cb5f1d72965f51f9849 | PREFLIGHT | STAGE_FAILURE | STAGE_FAILURE | directive=05_PORT_XAUUSD_15M_PORT_TRENDFILT_S03_V1_P00 | stage=PREFLIGHT | run_id=98d91cb5f1d72965f51f9849 | error=Unhandled exception in stage PREFLIGHT: Command '['C:\\Users\\faraw\\AppData\\Local\\Programs\\Python\\Python311\\python.exe', 'tools/exec_preflight.py', '05_PORT_XAUUSD_15M_PORT_TRENDFILT_S03_V1_P00']' returned non-zero exit status 1.
2026-03-16T08:30:49Z | 05_PORT_XAUUSD_15M_PORT_TRENDFILT_S03_V1_P00 | 98d91cb5f1d72965f51f9849 | ORCHESTRATOR | PIPELINE_ERROR | Unhandled exception in stage PREFLIGHT: Command '['C:\\Users\\faraw\\AppData\\Local\\Programs\\Python\\Python311\\python.exe', 'tools/exec_preflight.py', '05_PORT_XAUUSD_15M_PORT_TRENDFILT_S03_V1_P00']' returned non-zero exit status 1.
2026-03-16T08:32:40Z | UNKNOWN | N/A | ORCHESTRATOR | PIPELINE_ERROR | Directive NON_EXISTENT_ID not found in C:\Users\faraw\Documents\Trade_Scan\backtest_directives\active
